<?xml version="1.0" encoding="UTF-8"?>
<!-- Generated by org.testng.reporters.JUnitReportReporter -->
<testsuite skipped="0" hostname="Ratna-MAR30" name="com.automstionpractice.test.AddToCartTest" tests="1" failures="0" timestamp="19 Jul 2020 16:33:03 GMT" time="8.573" errors="0">
  <testcase name="validateAddToCart" time="8.573" classname="com.automstionpractice.test.AddToCartTest"/>
</testsuite> <!-- com.automstionpractice.test.AddToCartTest -->
